2026-07-09 12:24:17,440 [ERROR] django.request:253 Internal Server Error: /api/imports/upload/
Traceback (most recent call last):
  File "C:\Users\Werbung06\Desktop\Globi-Flow-BE\.venv\Lib\site-packages\django\db\backends\utils.py", line 105, in _execute
    return self.cursor.execute(sql, params)
           ~~~~~~~~~~~~~~~~~~~^^^^^^^^^^^^^
  File "C:\Users\Werbung06\Desktop\Globi-Flow-BE\.venv\Lib\site-packages\psycopg\cursor.py", line 117, in execute
    raise ex.with_traceback(None)
psycopg.errors.UniqueViolation: doppelter Schlüsselwert verletzt Unique-Constraint »unique_value_per_report_analyte«
DETAIL:  Schlüssel »(report_id, analyte_id)=(99, 49)« existiert bereits.

The above exception was the direct cause of the following exception:

Traceback (most recent call last):
  File "C:\Users\Werbung06\Desktop\Globi-Flow-BE\apps\imports\services.py", line 228, in process_import_job
    lab_value = LabValue.objects.create(public_id=unique_public_id(LabValue, 'wert'), report=report, analyte=analyte, unit=unit, reference_range=reference, value=parsed.value, status=value_status, priority=priority_for_status(value_status), review_status=review_status, confidence=parsed.confidence, hint='Aus lokalem Import erkannt.', original_text=parsed.original_text)
  File "C:\Users\Werbung06\Desktop\Globi-Flow-BE\.venv\Lib\site-packages\django\db\models\manager.py", line 87, in manager_method
    return getattr(self.get_queryset(), name)(*args, **kwargs)
           ~~~~~~~~~~~~~~~~~~~~~~~~~~~~~~~~~~^^^^^^^^^^^^^^^^^
  File "C:\Users\Werbung06\Desktop\Globi-Flow-BE\.venv\Lib\site-packages\django\db\models\query.py", line 665, in create
    obj.save(force_insert=True, using=self.db)
    ~~~~~~~~^^^^^^^^^^^^^^^^^^^^^^^^^^^^^^^^^^
  File "C:\Users\Werbung06\Desktop\Globi-Flow-BE\.venv\Lib\site-packages\django\db\models\base.py", line 902, in save
    self.save_base(
    ~~~~~~~~~~~~~~^
        using=using,
        ^^^^^^^^^^^^
    ...<2 lines>...
        update_fields=update_fields,
        ^^^^^^^^^^^^^^^^^^^^^^^^^^^^
    )
    ^
  File "C:\Users\Werbung06\Desktop\Globi-Flow-BE\.venv\Lib\site-packages\django\db\models\base.py", line 1008, in save_base
    updated = self._save_table(
        raw,
    ...<4 lines>...
        update_fields,
    )
  File "C:\Users\Werbung06\Desktop\Globi-Flow-BE\.venv\Lib\site-packages\django\db\models\base.py", line 1169, in _save_table
    results = self._do_insert(
        cls._base_manager, using, fields, returning_fields, raw
    )
  File "C:\Users\Werbung06\Desktop\Globi-Flow-BE\.venv\Lib\site-packages\django\db\models\base.py", line 1210, in _do_insert
    return manager._insert(
           ~~~~~~~~~~~~~~~^
        [self],
        ^^^^^^^
    ...<3 lines>...
        raw=raw,
        ^^^^^^^^
    )
    ^
  File "C:\Users\Werbung06\Desktop\Globi-Flow-BE\.venv\Lib\site-packages\django\db\models\manager.py", line 87, in manager_method
    return getattr(self.get_queryset(), name)(*args, **kwargs)
           ~~~~~~~~~~~~~~~~~~~~~~~~~~~~~~~~~~^^^^^^^^^^^^^^^^^
  File "C:\Users\Werbung06\Desktop\Globi-Flow-BE\.venv\Lib\site-packages\django\db\models\query.py", line 1873, in _insert
    return query.get_compiler(using=using).execute_sql(returning_fields)
           ~~~~~~~~~~~~~~~~~~~~~~~~~~~~~~~~~~~~~~~~~~~^^^^^^^^^^^^^^^^^^
  File "C:\Users\Werbung06\Desktop\Globi-Flow-BE\.venv\Lib\site-packages\django\db\models\sql\compiler.py", line 1882, in execute_sql
    cursor.execute(sql, params)
    ~~~~~~~~~~~~~~^^^^^^^^^^^^^
  File "C:\Users\Werbung06\Desktop\Globi-Flow-BE\.venv\Lib\site-packages\django\db\backends\utils.py", line 122, in execute
    return super().execute(sql, params)
           ~~~~~~~~~~~~~~~^^^^^^^^^^^^^
  File "C:\Users\Werbung06\Desktop\Globi-Flow-BE\.venv\Lib\site-packages\django\db\backends\utils.py", line 79, in execute
    return self._execute_with_wrappers(
           ~~~~~~~~~~~~~~~~~~~~~~~~~~~^
        sql, params, many=False, executor=self._execute
        ^^^^^^^^^^^^^^^^^^^^^^^^^^^^^^^^^^^^^^^^^^^^^^^
    )
    ^
  File "C:\Users\Werbung06\Desktop\Globi-Flow-BE\.venv\Lib\site-packages\django\db\backends\utils.py", line 92, in _execute_with_wrappers
    return executor(sql, params, many, context)
  File "C:\Users\Werbung06\Desktop\Globi-Flow-BE\.venv\Lib\site-packages\django\db\backends\utils.py", line 100, in _execute
    with self.db.wrap_database_errors:
         ^^^^^^^^^^^^^^^^^^^^^^^^^^^^
  File "C:\Users\Werbung06\Desktop\Globi-Flow-BE\.venv\Lib\site-packages\django\db\utils.py", line 91, in __exit__
    raise dj_exc_value.with_traceback(traceback) from exc_value
  File "C:\Users\Werbung06\Desktop\Globi-Flow-BE\.venv\Lib\site-packages\django\db\backends\utils.py", line 105, in _execute
    return self.cursor.execute(sql, params)
           ~~~~~~~~~~~~~~~~~~~^^^^^^^^^^^^^
  File "C:\Users\Werbung06\Desktop\Globi-Flow-BE\.venv\Lib\site-packages\psycopg\cursor.py", line 117, in execute
    raise ex.with_traceback(None)
django.db.utils.IntegrityError: doppelter Schlüsselwert verletzt Unique-Constraint »unique_value_per_report_analyte«
DETAIL:  Schlüssel »(report_id, analyte_id)=(99, 49)« existiert bereits.

The above exception was the direct cause of the following exception:

Traceback (most recent call last):
  File "C:\Users\Werbung06\Desktop\Globi-Flow-BE\.venv\Lib\site-packages\asgiref\sync.py", line 557, in thread_handler
    raise exc_info[1]
  File "C:\Users\Werbung06\Desktop\Globi-Flow-BE\.venv\Lib\site-packages\django\core\handlers\exception.py", line 42, in inner
    response = await get_response(request)
               ^^^^^^^^^^^^^^^^^^^^^^^^^^^
  File "C:\Users\Werbung06\Desktop\Globi-Flow-BE\.venv\Lib\site-packages\asgiref\sync.py", line 557, in thread_handler
    raise exc_info[1]
  File "C:\Users\Werbung06\Desktop\Globi-Flow-BE\.venv\Lib\site-packages\django\core\handlers\base.py", line 253, in _get_response_async
    response = await wrapped_callback(
               ^^^^^^^^^^^^^^^^^^^^^^^
        request, *callback_args, **callback_kwargs
        ^^^^^^^^^^^^^^^^^^^^^^^^^^^^^^^^^^^^^^^^^^
    )
    ^
  File "C:\Users\Werbung06\Desktop\Globi-Flow-BE\.venv\Lib\site-packages\asgiref\sync.py", line 506, in __call__
    ret = await asyncio.shield(exec_coro)
          ^^^^^^^^^^^^^^^^^^^^^^^^^^^^^^^
  File "C:\Python313\Lib\concurrent\futures\thread.py", line 59, in run
    result = self.fn(*self.args, **self.kwargs)
  File "C:\Users\Werbung06\Desktop\Globi-Flow-BE\.venv\Lib\site-packages\asgiref\sync.py", line 561, in thread_handler
    return func(*args, **kwargs)
  File "C:\Users\Werbung06\Desktop\Globi-Flow-BE\.venv\Lib\site-packages\django\views\decorators\csrf.py", line 65, in _view_wrapper
    return view_func(request, *args, **kwargs)
  File "C:\Users\Werbung06\Desktop\Globi-Flow-BE\.venv\Lib\site-packages\django\views\generic\base.py", line 105, in view
    return self.dispatch(request, *args, **kwargs)
           ~~~~~~~~~~~~~^^^^^^^^^^^^^^^^^^^^^^^^^^
  File "C:\Users\Werbung06\Desktop\Globi-Flow-BE\.venv\Lib\site-packages\rest_framework\views.py", line 515, in dispatch
    response = self.handle_exception(exc)
  File "C:\Users\Werbung06\Desktop\Globi-Flow-BE\.venv\Lib\site-packages\rest_framework\views.py", line 475, in handle_exception
    self.raise_uncaught_exception(exc)
    ~~~~~~~~~~~~~~~~~~~~~~~~~~~~~^^^^^
  File "C:\Users\Werbung06\Desktop\Globi-Flow-BE\.venv\Lib\site-packages\rest_framework\views.py", line 486, in raise_uncaught_exception
    raise exc
  File "C:\Users\Werbung06\Desktop\Globi-Flow-BE\.venv\Lib\site-packages\rest_framework\views.py", line 512, in dispatch
    response = handler(request, *args, **kwargs)
  File "C:\Users\Werbung06\Desktop\Globi-Flow-BE\apps\imports\views.py", line 189, in post
    process_import_job(job.id)
    ~~~~~~~~~~~~~~~~~~^^^^^^^^
  File "C:\Python313\Lib\contextlib.py", line 85, in inner
    return func(*args, **kwds)
  File "C:\Users\Werbung06\Desktop\Globi-Flow-BE\apps\imports\services.py", line 250, in process_import_job
    job.save(update_fields=['status', 'progress', 'pipeline_step', 'error_message', 'updated_at'])
    ~~~~~~~~^^^^^^^^^^^^^^^^^^^^^^^^^^^^^^^^^^^^^^^^^^^^^^^^^^^^^^^^^^^^^^^^^^^^^^^^^^^^^^^^^^^^^^
  File "C:\Users\Werbung06\Desktop\Globi-Flow-BE\.venv\Lib\site-packages\django\db\models\base.py", line 902, in save
    self.save_base(
    ~~~~~~~~~~~~~~^
        using=using,
        ^^^^^^^^^^^^
    ...<2 lines>...
        update_fields=update_fields,
        ^^^^^^^^^^^^^^^^^^^^^^^^^^^^
    )
    ^
  File "C:\Users\Werbung06\Desktop\Globi-Flow-BE\.venv\Lib\site-packages\django\db\models\base.py", line 1008, in save_base
    updated = self._save_table(
        raw,
    ...<4 lines>...
        update_fields,
    )
  File "C:\Users\Werbung06\Desktop\Globi-Flow-BE\.venv\Lib\site-packages\django\db\models\base.py", line 1138, in _save_table
    updated = self._do_update(
        base_qs, using, pk_val, values, update_fields, forced_update
    )
  File "C:\Users\Werbung06\Desktop\Globi-Flow-BE\.venv\Lib\site-packages\django\db\models\base.py", line 1203, in _do_update
    return filtered._update(values) > 0
           ~~~~~~~~~~~~~~~~^^^^^^^^
  File "C:\Users\Werbung06\Desktop\Globi-Flow-BE\.venv\Lib\site-packages\django\db\models\query.py", line 1288, in _update
    return query.get_compiler(self.db).execute_sql(ROW_COUNT)
           ~~~~~~~~~~~~~~~~~~~~~~~~~~~~~~~~~~~~~~~^^^^^^^^^^^
  File "C:\Users\Werbung06\Desktop\Globi-Flow-BE\.venv\Lib\site-packages\django\db\models\sql\compiler.py", line 2060, in execute_sql
    row_count = super().execute_sql(result_type)
  File "C:\Users\Werbung06\Desktop\Globi-Flow-BE\.venv\Lib\site-packages\django\db\models\sql\compiler.py", line 1623, in execute_sql
    cursor.execute(sql, params)
    ~~~~~~~~~~~~~~^^^^^^^^^^^^^
  File "C:\Users\Werbung06\Desktop\Globi-Flow-BE\.venv\Lib\site-packages\django\db\backends\utils.py", line 122, in execute
    return super().execute(sql, params)
           ~~~~~~~~~~~~~~~^^^^^^^^^^^^^
  File "C:\Users\Werbung06\Desktop\Globi-Flow-BE\.venv\Lib\site-packages\django\db\backends\utils.py", line 79, in execute
    return self._execute_with_wrappers(
           ~~~~~~~~~~~~~~~~~~~~~~~~~~~^
        sql, params, many=False, executor=self._execute
        ^^^^^^^^^^^^^^^^^^^^^^^^^^^^^^^^^^^^^^^^^^^^^^^
    )
    ^
  File "C:\Users\Werbung06\Desktop\Globi-Flow-BE\.venv\Lib\site-packages\django\db\backends\utils.py", line 92, in _execute_with_wrappers
    return executor(sql, params, many, context)
  File "C:\Users\Werbung06\Desktop\Globi-Flow-BE\.venv\Lib\site-packages\django\db\backends\utils.py", line 99, in _execute
    self.db.validate_no_broken_transaction()
    ~~~~~~~~~~~~~~~~~~~~~~~~~~~~~~~~~~~~~~^^
  File "C:\Users\Werbung06\Desktop\Globi-Flow-BE\.venv\Lib\site-packages\django\db\backends\base\base.py", line 521, in validate_no_broken_transaction
    raise TransactionManagementError(
    ...<2 lines>...
    ) from self.rollback_exc
django.db.transaction.TransactionManagementError: An error occurred in the current transaction. You can't execute queries until the end of the 'atomic' block.
2026-07-09 15:26:35,781 [WARNING] django.request:253 Bad Request: /api/patients/patient-demo-04/
2026-07-09 15:27:13,592 [WARNING] django.request:253 Bad Request: /api/patients/patient-demo-04/
2026-07-09 15:27:40,952 [WARNING] django.request:253 Bad Request: /api/patients/patient-demo-04/
